c:\users\hasee\documents\github\qt-wrong-question-collection\job\x64\debug\mainwindow.obj
c:\users\hasee\documents\github\qt-wrong-question-collection\job\x64\debug\moc_mainwindow.obj
c:\users\hasee\documents\github\qt-wrong-question-collection\job\x64\debug\main.obj
c:\users\hasee\documents\github\qt-wrong-question-collection\job\x64\debug\vc141.pdb
c:\users\hasee\documents\github\qt-wrong-question-collection\job\debug\moc_predefs.h
c:\users\hasee\documents\github\qt-wrong-question-collection\job\generatedfiles\debug\moc_mainwindow.cpp
c:\users\hasee\documents\github\qt-wrong-question-collection\job\generatedfiles\ui_mainwindow.h
c:\users\hasee\documents\github\qt-wrong-question-collection\job\debug\job.ilk
c:\users\hasee\documents\github\qt-wrong-question-collection\job\debug\job.exe
c:\users\hasee\documents\github\qt-wrong-question-collection\job\debug\job.pdb
c:\users\hasee\documents\github\qt-wrong-question-collection\job\.\generatedfiles\debug\moc_mainwindow.cpp
c:\users\hasee\documents\github\qt-wrong-question-collection\job\.\generatedfiles\ui_mainwindow.h
c:\users\hasee\documents\github\qt-wrong-question-collection\job\x64\debug\job.tlog\cl.command.1.tlog
c:\users\hasee\documents\github\qt-wrong-question-collection\job\x64\debug\job.tlog\cl.read.1.tlog
c:\users\hasee\documents\github\qt-wrong-question-collection\job\x64\debug\job.tlog\cl.write.1.tlog
c:\users\hasee\documents\github\qt-wrong-question-collection\job\x64\debug\job.tlog\custombuild.command.1.tlog
c:\users\hasee\documents\github\qt-wrong-question-collection\job\x64\debug\job.tlog\custombuild.read.1.tlog
c:\users\hasee\documents\github\qt-wrong-question-collection\job\x64\debug\job.tlog\custombuild.write.1.tlog
c:\users\hasee\documents\github\qt-wrong-question-collection\job\x64\debug\job.tlog\job.write.1u.tlog
c:\users\hasee\documents\github\qt-wrong-question-collection\job\x64\debug\job.tlog\link.command.1.tlog
c:\users\hasee\documents\github\qt-wrong-question-collection\job\x64\debug\job.tlog\link.read.1.tlog
c:\users\hasee\documents\github\qt-wrong-question-collection\job\x64\debug\job.tlog\link.write.1.tlog
c:\users\hasee\documents\github\qt-wrong-question-collection\job\x64\debug\job.tlog\qtmoc.read.1u.tlog
c:\users\hasee\documents\github\qt-wrong-question-collection\job\x64\debug\job.tlog\qtmoc.write.1u.tlog
c:\users\hasee\documents\github\qt-wrong-question-collection\job\x64\debug\job.tlog\qtuic.read.1u.tlog
c:\users\hasee\documents\github\qt-wrong-question-collection\job\x64\debug\job.tlog\qtuic.write.1u.tlog
